{"C:\\Repos\\personal\\hams-chat\\server\\src\\context.ts": {"path":"C:\\Repos\\personal\\hams-chat\\server\\src\\context.ts","statementMap":{"0":{"start":{"line":2,"column":0},"end":{"line":2,"column":61}},"1":{"start":{"line":12,"column":33},"end":{"line":16,"column":1}},"2":{"start":{"line":13,"column":2},"end":{"line":15,"column":4}},"3":{"start":{"line":12,"column":13},"end":{"line":12,"column":33}}},"fnMap":{"0":{"name":"(anonymous_0)","decl":{"start":{"line":12,"column":33},"end":{"line":12,"column":49}},"loc":{"start":{"line":12,"column":51},"end":{"line":16,"column":1}}}},"branchMap":{},"s":{"0":1,"1":1,"2":60,"3":1},"f":{"0":60},"b":{}}
,"C:\\Repos\\personal\\hams-chat\\server\\src\\lib\\authorizer.ts": {"path":"C:\\Repos\\personal\\hams-chat\\server\\src\\lib\\authorizer.ts","statementMap":{"0":{"start":{"line":2,"column":0},"end":{"line":2,"column":68}},"1":{"start":{"line":8,"column":22},"end":{"line":8,"column":43}},"2":{"start":{"line":11,"column":4},"end":{"line":13,"column":null}},"3":{"start":{"line":12,"column":6},"end":{"line":12,"column":63}},"4":{"start":{"line":15,"column":19},"end":{"line":29,"column":6}},"5":{"start":{"line":31,"column":4},"end":{"line":33,"column":null}},"6":{"start":{"line":32,"column":6},"end":{"line":32,"column":69}},"7":{"start":{"line":35,"column":4},"end":{"line":35,"column":16}},"8":{"start":{"line":40,"column":37},"end":{"line":40,"column":55}},"9":{"start":{"line":43,"column":4},"end":{"line":45,"column":null}},"10":{"start":{"line":44,"column":6},"end":{"line":44,"column":45}},"11":{"start":{"line":47,"column":4},"end":{"line":72,"column":null}},"12":{"start":{"line":49,"column":19},"end":{"line":65,"column":8}},"13":{"start":{"line":67,"column":6},"end":{"line":71,"column":null}},"14":{"start":{"line":68,"column":8},"end":{"line":70,"column":10}},"15":{"start":{"line":73,"column":4},"end":{"line":73,"column":16}},"16":{"start":{"line":77,"column":17},"end":{"line":91,"column":6}},"17":{"start":{"line":93,"column":4},"end":{"line":95,"column":null}},"18":{"start":{"line":94,"column":6},"end":{"line":94,"column":71}},"19":{"start":{"line":97,"column":24},"end":{"line":98,"column":null}},"20":{"start":{"line":98,"column":13},"end":{"line":98,"column":44}},"21":{"start":{"line":101,"column":4},"end":{"line":103,"column":null}},"22":{"start":{"line":102,"column":6},"end":{"line":102,"column":68}},"23":{"start":{"line":105,"column":4},"end":{"line":107,"column":null}},"24":{"start":{"line":106,"column":6},"end":{"line":106,"column":68}},"25":{"start":{"line":108,"column":4},"end":{"line":108,"column":16}},"26":{"start":{"line":115,"column":17},"end":{"line":129,"column":6}},"27":{"start":{"line":131,"column":4},"end":{"line":133,"column":null}},"28":{"start":{"line":132,"column":6},"end":{"line":132,"column":71}},"29":{"start":{"line":135,"column":24},"end":{"line":136,"column":null}},"30":{"start":{"line":136,"column":13},"end":{"line":136,"column":44}},"31":{"start":{"line":139,"column":4},"end":{"line":141,"column":null}},"32":{"start":{"line":140,"column":6},"end":{"line":140,"column":68}},"33":{"start":{"line":143,"column":4},"end":{"line":145,"column":null}},"34":{"start":{"line":144,"column":6},"end":{"line":144,"column":68}},"35":{"start":{"line":147,"column":37},"end":{"line":147,"column":58}},"36":{"start":{"line":150,"column":4},"end":{"line":152,"column":null}},"37":{"start":{"line":151,"column":6},"end":{"line":151,"column":45}},"38":{"start":{"line":154,"column":4},"end":{"line":179,"column":null}},"39":{"start":{"line":156,"column":19},"end":{"line":172,"column":8}},"40":{"start":{"line":174,"column":6},"end":{"line":178,"column":null}},"41":{"start":{"line":175,"column":8},"end":{"line":177,"column":10}},"42":{"start":{"line":181,"column":4},"end":{"line":181,"column":16}},"43":{"start":{"line":188,"column":17},"end":{"line":202,"column":6}},"44":{"start":{"line":204,"column":4},"end":{"line":206,"column":null}},"45":{"start":{"line":205,"column":6},"end":{"line":205,"column":71}},"46":{"start":{"line":208,"column":24},"end":{"line":209,"column":null}},"47":{"start":{"line":209,"column":13},"end":{"line":209,"column":44}},"48":{"start":{"line":212,"column":4},"end":{"line":214,"column":null}},"49":{"start":{"line":213,"column":6},"end":{"line":213,"column":68}},"50":{"start":{"line":217,"column":4},"end":{"line":223,"column":null}},"51":{"start":{"line":222,"column":6},"end":{"line":222,"column":18}},"52":{"start":{"line":225,"column":4},"end":{"line":227,"column":null}},"53":{"start":{"line":226,"column":6},"end":{"line":226,"column":68}},"54":{"start":{"line":230,"column":22},"end":{"line":230,"column":43}},"55":{"start":{"line":232,"column":4},"end":{"line":234,"column":null}},"56":{"start":{"line":233,"column":6},"end":{"line":233,"column":75}},"57":{"start":{"line":236,"column":4},"end":{"line":238,"column":null}},"58":{"start":{"line":237,"column":6},"end":{"line":237,"column":18}},"59":{"start":{"line":240,"column":21},"end":{"line":241,"column":null}},"60":{"start":{"line":241,"column":33},"end":{"line":241,"column":51}},"61":{"start":{"line":241,"column":64},"end":{"line":241,"column":72}},"62":{"start":{"line":243,"column":21},"end":{"line":243,"column":75}},"63":{"start":{"line":243,"column":58},"end":{"line":243,"column":73}},"64":{"start":{"line":246,"column":4},"end":{"line":248,"column":null}},"65":{"start":{"line":247,"column":6},"end":{"line":247,"column":42}},"66":{"start":{"line":250,"column":4},"end":{"line":252,"column":null}},"67":{"start":{"line":251,"column":6},"end":{"line":251,"column":66}},"68":{"start":{"line":253,"column":4},"end":{"line":253,"column":16}},"69":{"start":{"line":260,"column":17},"end":{"line":274,"column":6}},"70":{"start":{"line":276,"column":4},"end":{"line":278,"column":null}},"71":{"start":{"line":277,"column":6},"end":{"line":277,"column":71}},"72":{"start":{"line":280,"column":24},"end":{"line":281,"column":null}},"73":{"start":{"line":281,"column":13},"end":{"line":281,"column":44}},"74":{"start":{"line":284,"column":4},"end":{"line":286,"column":null}},"75":{"start":{"line":285,"column":6},"end":{"line":285,"column":68}},"76":{"start":{"line":288,"column":4},"end":{"line":290,"column":null}},"77":{"start":{"line":289,"column":6},"end":{"line":289,"column":80}},"78":{"start":{"line":292,"column":22},"end":{"line":292,"column":43}},"79":{"start":{"line":294,"column":4},"end":{"line":296,"column":null}},"80":{"start":{"line":295,"column":6},"end":{"line":295,"column":69}},"81":{"start":{"line":298,"column":4},"end":{"line":300,"column":null}},"82":{"start":{"line":299,"column":6},"end":{"line":299,"column":18}},"83":{"start":{"line":302,"column":23},"end":{"line":302,"column":69}},"84":{"start":{"line":302,"column":50},"end":{"line":302,"column":68}},"85":{"start":{"line":304,"column":31},"end":{"line":305,"column":null}},"86":{"start":{"line":305,"column":31},"end":{"line":305,"column":55}},"87":{"start":{"line":308,"column":4},"end":{"line":308,"column":40}},"88":{"start":{"line":312,"column":17},"end":{"line":319,"column":6}},"89":{"start":{"line":321,"column":4},"end":{"line":325,"column":null}},"90":{"start":{"line":322,"column":6},"end":{"line":324,"column":8}},"91":{"start":{"line":327,"column":4},"end":{"line":327,"column":16}},"92":{"start":{"line":332,"column":19},"end":{"line":339,"column":6}},"93":{"start":{"line":341,"column":4},"end":{"line":341,"column":20}},"94":{"start":{"line":345,"column":17},"end":{"line":359,"column":6}},"95":{"start":{"line":361,"column":4},"end":{"line":363,"column":null}},"96":{"start":{"line":362,"column":6},"end":{"line":362,"column":68}},"97":{"start":{"line":365,"column":4},"end":{"line":365,"column":16}},"98":{"start":{"line":369,"column":18},"end":{"line":387,"column":6}},"99":{"start":{"line":389,"column":4},"end":{"line":391,"column":null}},"100":{"start":{"line":390,"column":6},"end":{"line":390,"column":80}},"101":{"start":{"line":393,"column":4},"end":{"line":393,"column":16}},"102":{"start":{"line":397,"column":18},"end":{"line":401,"column":6}},"103":{"start":{"line":403,"column":4},"end":{"line":407,"column":null}},"104":{"start":{"line":404,"column":6},"end":{"line":406,"column":8}},"105":{"start":{"line":409,"column":4},"end":{"line":411,"column":null}},"106":{"start":{"line":410,"column":6},"end":{"line":410,"column":51}},"107":{"start":{"line":413,"column":4},"end":{"line":413,"column":16}},"108":{"start":{"line":417,"column":18},"end":{"line":421,"column":6}},"109":{"start":{"line":423,"column":4},"end":{"line":427,"column":null}},"110":{"start":{"line":424,"column":6},"end":{"line":426,"column":8}},"111":{"start":{"line":429,"column":4},"end":{"line":429,"column":16}},"112":{"start":{"line":433,"column":17},"end":{"line":447,"column":6}},"113":{"start":{"line":449,"column":4},"end":{"line":451,"column":null}},"114":{"start":{"line":450,"column":6},"end":{"line":450,"column":65}},"115":{"start":{"line":453,"column":4},"end":{"line":453,"column":16}},"116":{"start":{"line":457,"column":20},"end":{"line":461,"column":6}},"117":{"start":{"line":463,"column":4},"end":{"line":467,"column":null}},"118":{"start":{"line":464,"column":6},"end":{"line":466,"column":8}},"119":{"start":{"line":469,"column":4},"end":{"line":471,"column":null}},"120":{"start":{"line":470,"column":6},"end":{"line":470,"column":48}},"121":{"start":{"line":473,"column":4},"end":{"line":473,"column":16}},"122":{"start":{"line":477,"column":20},"end":{"line":485,"column":6}},"123":{"start":{"line":487,"column":4},"end":{"line":491,"column":null}},"124":{"start":{"line":488,"column":6},"end":{"line":490,"column":8}},"125":{"start":{"line":493,"column":4},"end":{"line":495,"column":null}},"126":{"start":{"line":494,"column":6},"end":{"line":494,"column":48}},"127":{"start":{"line":497,"column":4},"end":{"line":497,"column":16}},"128":{"start":{"line":501,"column":20},"end":{"line":509,"column":6}},"129":{"start":{"line":511,"column":4},"end":{"line":515,"column":null}},"130":{"start":{"line":512,"column":6},"end":{"line":514,"column":8}},"131":{"start":{"line":517,"column":4},"end":{"line":519,"column":null}},"132":{"start":{"line":518,"column":6},"end":{"line":518,"column":48}},"133":{"start":{"line":521,"column":4},"end":{"line":521,"column":16}},"134":{"start":{"line":525,"column":17},"end":{"line":539,"column":6}},"135":{"start":{"line":541,"column":4},"end":{"line":543,"column":null}},"136":{"start":{"line":542,"column":6},"end":{"line":542,"column":69}},"137":{"start":{"line":545,"column":4},"end":{"line":545,"column":16}},"138":{"start":{"line":5,"column":0},"end":{"line":5,"column":13}}},"fnMap":{"0":{"name":"(anonymous_7)","decl":{"start":{"line":8,"column":2},"end":{"line":8,"column":22}},"loc":{"start":{"line":8,"column":43},"end":{"line":8,"column":47}}},"1":{"name":"(anonymous_8)","decl":{"start":{"line":10,"column":15},"end":{"line":10,"column":41}},"loc":{"start":{"line":10,"column":58},"end":{"line":36,"column":null}}},"2":{"name":"(anonymous_10)","decl":{"start":{"line":38,"column":15},"end":{"line":38,"column":33}},"loc":{"start":{"line":38,"column":53},"end":{"line":74,"column":null}}},"3":{"name":"(anonymous_12)","decl":{"start":{"line":76,"column":15},"end":{"line":76,"column":38}},"loc":{"start":{"line":76,"column":63},"end":{"line":109,"column":null}}},"4":{"name":"(anonymous_14)","decl":{"start":{"line":98,"column":6},"end":{"line":98,"column":7}},"loc":{"start":{"line":98,"column":13},"end":{"line":98,"column":44}}},"5":{"name":"(anonymous_15)","decl":{"start":{"line":111,"column":15},"end":{"line":111,"column":39}},"loc":{"start":{"line":114,"column":3},"end":{"line":182,"column":null}}},"6":{"name":"(anonymous_17)","decl":{"start":{"line":136,"column":6},"end":{"line":136,"column":7}},"loc":{"start":{"line":136,"column":13},"end":{"line":136,"column":44}}},"7":{"name":"(anonymous_18)","decl":{"start":{"line":184,"column":15},"end":{"line":184,"column":44}},"loc":{"start":{"line":187,"column":3},"end":{"line":254,"column":null}}},"8":{"name":"(anonymous_20)","decl":{"start":{"line":209,"column":6},"end":{"line":209,"column":7}},"loc":{"start":{"line":209,"column":13},"end":{"line":209,"column":44}}},"9":{"name":"(anonymous_21)","decl":{"start":{"line":241,"column":26},"end":{"line":241,"column":27}},"loc":{"start":{"line":241,"column":33},"end":{"line":241,"column":51}}},"10":{"name":"(anonymous_22)","decl":{"start":{"line":241,"column":57},"end":{"line":241,"column":58}},"loc":{"start":{"line":241,"column":64},"end":{"line":241,"column":72}}},"11":{"name":"(anonymous_23)","decl":{"start":{"line":243,"column":51},"end":{"line":243,"column":52}},"loc":{"start":{"line":243,"column":58},"end":{"line":243,"column":73}}},"12":{"name":"(anonymous_24)","decl":{"start":{"line":256,"column":15},"end":{"line":256,"column":35}},"loc":{"start":{"line":259,"column":3},"end":{"line":309,"column":null}}},"13":{"name":"(anonymous_26)","decl":{"start":{"line":281,"column":6},"end":{"line":281,"column":7}},"loc":{"start":{"line":281,"column":13},"end":{"line":281,"column":44}}},"14":{"name":"(anonymous_27)","decl":{"start":{"line":302,"column":43},"end":{"line":302,"column":44}},"loc":{"start":{"line":302,"column":50},"end":{"line":302,"column":68}}},"15":{"name":"(anonymous_28)","decl":{"start":{"line":305,"column":24},"end":{"line":305,"column":25}},"loc":{"start":{"line":305,"column":31},"end":{"line":305,"column":55}}},"16":{"name":"(anonymous_29)","decl":{"start":{"line":311,"column":15},"end":{"line":311,"column":28}},"loc":{"start":{"line":311,"column":43},"end":{"line":328,"column":null}}},"17":{"name":"(anonymous_31)","decl":{"start":{"line":330,"column":15},"end":{"line":330,"column":26}},"loc":{"start":{"line":330,"column":41},"end":{"line":342,"column":null}}},"18":{"name":"(anonymous_33)","decl":{"start":{"line":344,"column":15},"end":{"line":344,"column":29}},"loc":{"start":{"line":344,"column":44},"end":{"line":366,"column":null}}},"19":{"name":"(anonymous_35)","decl":{"start":{"line":368,"column":15},"end":{"line":368,"column":27}},"loc":{"start":{"line":368,"column":43},"end":{"line":394,"column":null}}},"20":{"name":"(anonymous_37)","decl":{"start":{"line":396,"column":15},"end":{"line":396,"column":29}},"loc":{"start":{"line":396,"column":45},"end":{"line":414,"column":null}}},"21":{"name":"(anonymous_39)","decl":{"start":{"line":416,"column":15},"end":{"line":416,"column":30}},"loc":{"start":{"line":416,"column":46},"end":{"line":430,"column":null}}},"22":{"name":"(anonymous_41)","decl":{"start":{"line":432,"column":15},"end":{"line":432,"column":35}},"loc":{"start":{"line":432,"column":52},"end":{"line":454,"column":null}}},"23":{"name":"(anonymous_43)","decl":{"start":{"line":456,"column":15},"end":{"line":456,"column":31}},"loc":{"start":{"line":456,"column":49},"end":{"line":474,"column":null}}},"24":{"name":"(anonymous_45)","decl":{"start":{"line":476,"column":15},"end":{"line":476,"column":32}},"loc":{"start":{"line":476,"column":50},"end":{"line":498,"column":null}}},"25":{"name":"(anonymous_47)","decl":{"start":{"line":500,"column":15},"end":{"line":500,"column":31}},"loc":{"start":{"line":500,"column":49},"end":{"line":522,"column":null}}},"26":{"name":"(anonymous_49)","decl":{"start":{"line":524,"column":15},"end":{"line":524,"column":30}},"loc":{"start":{"line":524,"column":47},"end":{"line":546,"column":null}}}},"branchMap":{"0":{"loc":{"start":{"line":11,"column":4},"end":{"line":13,"column":null}},"type":"if","locations":[{"start":{"line":11,"column":4},"end":{"line":13,"column":null}}]},"1":{"loc":{"start":{"line":31,"column":4},"end":{"line":33,"column":null}},"type":"if","locations":[{"start":{"line":31,"column":4},"end":{"line":33,"column":null}}]},"2":{"loc":{"start":{"line":43,"column":4},"end":{"line":45,"column":null}},"type":"if","locations":[{"start":{"line":43,"column":4},"end":{"line":45,"column":null}}]},"3":{"loc":{"start":{"line":47,"column":4},"end":{"line":72,"column":null}},"type":"if","locations":[{"start":{"line":47,"column":4},"end":{"line":72,"column":null}}]},"4":{"loc":{"start":{"line":67,"column":6},"end":{"line":71,"column":null}},"type":"if","locations":[{"start":{"line":67,"column":6},"end":{"line":71,"column":null}}]},"5":{"loc":{"start":{"line":93,"column":4},"end":{"line":95,"column":null}},"type":"if","locations":[{"start":{"line":93,"column":4},"end":{"line":95,"column":null}}]},"6":{"loc":{"start":{"line":101,"column":4},"end":{"line":103,"column":null}},"type":"if","locations":[{"start":{"line":101,"column":4},"end":{"line":103,"column":null}}]},"7":{"loc":{"start":{"line":105,"column":4},"end":{"line":107,"column":null}},"type":"if","locations":[{"start":{"line":105,"column":4},"end":{"line":107,"column":null}}]},"8":{"loc":{"start":{"line":131,"column":4},"end":{"line":133,"column":null}},"type":"if","locations":[{"start":{"line":131,"column":4},"end":{"line":133,"column":null}}]},"9":{"loc":{"start":{"line":139,"column":4},"end":{"line":141,"column":null}},"type":"if","locations":[{"start":{"line":139,"column":4},"end":{"line":141,"column":null}}]},"10":{"loc":{"start":{"line":143,"column":4},"end":{"line":145,"column":null}},"type":"if","locations":[{"start":{"line":143,"column":4},"end":{"line":145,"column":null}}]},"11":{"loc":{"start":{"line":150,"column":4},"end":{"line":152,"column":null}},"type":"if","locations":[{"start":{"line":150,"column":4},"end":{"line":152,"column":null}}]},"12":{"loc":{"start":{"line":154,"column":4},"end":{"line":179,"column":null}},"type":"if","locations":[{"start":{"line":154,"column":4},"end":{"line":179,"column":null}}]},"13":{"loc":{"start":{"line":174,"column":6},"end":{"line":178,"column":null}},"type":"if","locations":[{"start":{"line":174,"column":6},"end":{"line":178,"column":null}}]},"14":{"loc":{"start":{"line":204,"column":4},"end":{"line":206,"column":null}},"type":"if","locations":[{"start":{"line":204,"column":4},"end":{"line":206,"column":null}}]},"15":{"loc":{"start":{"line":212,"column":4},"end":{"line":214,"column":null}},"type":"if","locations":[{"start":{"line":212,"column":4},"end":{"line":214,"column":null}}]},"16":{"loc":{"start":{"line":217,"column":4},"end":{"line":223,"column":null}},"type":"if","locations":[{"start":{"line":217,"column":4},"end":{"line":223,"column":null}}]},"17":{"loc":{"start":{"line":218,"column":6},"end":{"line":220,"column":34}},"type":"binary-expr","locations":[{"start":{"line":218,"column":6},"end":{"line":218,"column":31}},{"start":{"line":219,"column":6},"end":{"line":219,"column":44}},{"start":{"line":220,"column":6},"end":{"line":220,"column":34}}]},"18":{"loc":{"start":{"line":225,"column":4},"end":{"line":227,"column":null}},"type":"if","locations":[{"start":{"line":225,"column":4},"end":{"line":227,"column":null}}]},"19":{"loc":{"start":{"line":232,"column":4},"end":{"line":234,"column":null}},"type":"if","locations":[{"start":{"line":232,"column":4},"end":{"line":234,"column":null}}]},"20":{"loc":{"start":{"line":236,"column":4},"end":{"line":238,"column":null}},"type":"if","locations":[{"start":{"line":236,"column":4},"end":{"line":238,"column":null}}]},"21":{"loc":{"start":{"line":246,"column":4},"end":{"line":248,"column":null}},"type":"if","locations":[{"start":{"line":246,"column":4},"end":{"line":248,"column":null}}]},"22":{"loc":{"start":{"line":250,"column":4},"end":{"line":252,"column":null}},"type":"if","locations":[{"start":{"line":250,"column":4},"end":{"line":252,"column":null}}]},"23":{"loc":{"start":{"line":276,"column":4},"end":{"line":278,"column":null}},"type":"if","locations":[{"start":{"line":276,"column":4},"end":{"line":278,"column":null}}]},"24":{"loc":{"start":{"line":284,"column":4},"end":{"line":286,"column":null}},"type":"if","locations":[{"start":{"line":284,"column":4},"end":{"line":286,"column":null}}]},"25":{"loc":{"start":{"line":288,"column":4},"end":{"line":290,"column":null}},"type":"if","locations":[{"start":{"line":288,"column":4},"end":{"line":290,"column":null}}]},"26":{"loc":{"start":{"line":294,"column":4},"end":{"line":296,"column":null}},"type":"if","locations":[{"start":{"line":294,"column":4},"end":{"line":296,"column":null}}]},"27":{"loc":{"start":{"line":298,"column":4},"end":{"line":300,"column":null}},"type":"if","locations":[{"start":{"line":298,"column":4},"end":{"line":300,"column":null}}]},"28":{"loc":{"start":{"line":321,"column":4},"end":{"line":325,"column":null}},"type":"if","locations":[{"start":{"line":321,"column":4},"end":{"line":325,"column":null}}]},"29":{"loc":{"start":{"line":361,"column":4},"end":{"line":363,"column":null}},"type":"if","locations":[{"start":{"line":361,"column":4},"end":{"line":363,"column":null}}]},"30":{"loc":{"start":{"line":389,"column":4},"end":{"line":391,"column":null}},"type":"if","locations":[{"start":{"line":389,"column":4},"end":{"line":391,"column":null}}]},"31":{"loc":{"start":{"line":403,"column":4},"end":{"line":407,"column":null}},"type":"if","locations":[{"start":{"line":403,"column":4},"end":{"line":407,"column":null}}]},"32":{"loc":{"start":{"line":409,"column":4},"end":{"line":411,"column":null}},"type":"if","locations":[{"start":{"line":409,"column":4},"end":{"line":411,"column":null}}]},"33":{"loc":{"start":{"line":423,"column":4},"end":{"line":427,"column":null}},"type":"if","locations":[{"start":{"line":423,"column":4},"end":{"line":427,"column":null}}]},"34":{"loc":{"start":{"line":449,"column":4},"end":{"line":451,"column":null}},"type":"if","locations":[{"start":{"line":449,"column":4},"end":{"line":451,"column":null}}]},"35":{"loc":{"start":{"line":463,"column":4},"end":{"line":467,"column":null}},"type":"if","locations":[{"start":{"line":463,"column":4},"end":{"line":467,"column":null}}]},"36":{"loc":{"start":{"line":469,"column":4},"end":{"line":471,"column":null}},"type":"if","locations":[{"start":{"line":469,"column":4},"end":{"line":471,"column":null}}]},"37":{"loc":{"start":{"line":469,"column":42},"end":{"line":469,"column":62}},"type":"cond-expr","locations":[{"start":{"line":469,"column":56},"end":{"line":469,"column":60}},{"start":{"line":469,"column":60},"end":{"line":469,"column":62}}]},"38":{"loc":{"start":{"line":469,"column":42},"end":{"line":469,"column":60}},"type":"binary-expr","locations":[{"start":{"line":469,"column":42},"end":{"line":469,"column":60}},{"start":{"line":469,"column":56},"end":{"line":469,"column":60}}]},"39":{"loc":{"start":{"line":469,"column":42},"end":{"line":469,"column":56}},"type":"cond-expr","locations":[{"start":{"line":469,"column":49},"end":{"line":469,"column":51}},{"start":{"line":469,"column":42},"end":{"line":469,"column":56}}]},"40":{"loc":{"start":{"line":469,"column":42},"end":{"line":469,"column":51}},"type":"binary-expr","locations":[{"start":{"line":469,"column":42},"end":{"line":469,"column":51}},{"start":{"line":469,"column":42},"end":{"line":469,"column":51}}]},"41":{"loc":{"start":{"line":487,"column":4},"end":{"line":491,"column":null}},"type":"if","locations":[{"start":{"line":487,"column":4},"end":{"line":491,"column":null}}]},"42":{"loc":{"start":{"line":493,"column":4},"end":{"line":495,"column":null}},"type":"if","locations":[{"start":{"line":493,"column":4},"end":{"line":495,"column":null}}]},"43":{"loc":{"start":{"line":511,"column":4},"end":{"line":515,"column":null}},"type":"if","locations":[{"start":{"line":511,"column":4},"end":{"line":515,"column":null}}]},"44":{"loc":{"start":{"line":517,"column":4},"end":{"line":519,"column":null}},"type":"if","locations":[{"start":{"line":517,"column":4},"end":{"line":519,"column":null}}]},"45":{"loc":{"start":{"line":541,"column":4},"end":{"line":543,"column":null}},"type":"if","locations":[{"start":{"line":541,"column":4},"end":{"line":543,"column":null}}]}},"s":{"0":1,"1":60,"2":4,"3":1,"4":3,"5":2,"6":1,"7":1,"8":7,"9":7,"10":3,"11":7,"12":5,"13":4,"14":1,"15":5,"16":3,"17":3,"18":0,"19":3,"20":8,"21":3,"22":3,"23":0,"24":0,"25":0,"26":3,"27":3,"28":0,"29":3,"30":8,"31":3,"32":3,"33":0,"34":0,"35":0,"36":0,"37":0,"38":0,"39":0,"40":0,"41":0,"42":0,"43":4,"44":4,"45":0,"46":4,"47":11,"48":4,"49":4,"50":0,"51":0,"52":0,"53":0,"54":0,"55":0,"56":0,"57":0,"58":0,"59":0,"60":0,"61":0,"62":0,"63":0,"64":0,"65":0,"66":0,"67":0,"68":0,"69":0,"70":0,"71":0,"72":0,"73":0,"74":0,"75":0,"76":0,"77":0,"78":0,"79":0,"80":0,"81":0,"82":0,"83":0,"84":0,"85":0,"86":0,"87":0,"88":3,"89":2,"90":1,"91":1,"92":3,"93":3,"94":3,"95":2,"96":1,"97":1,"98":3,"99":3,"100":0,"101":0,"102":4,"103":4,"104":0,"105":0,"106":0,"107":0,"108":3,"109":3,"110":0,"111":0,"112":5,"113":4,"114":1,"115":3,"116":4,"117":3,"118":1,"119":2,"120":0,"121":2,"122":4,"123":3,"124":1,"125":2,"126":2,"127":0,"128":4,"129":3,"130":1,"131":2,"132":2,"133":0,"134":3,"135":2,"136":1,"137":1,"138":1},"f":{"0":60,"1":4,"2":7,"3":3,"4":8,"5":3,"6":8,"7":4,"8":11,"9":0,"10":0,"11":0,"12":0,"13":0,"14":0,"15":0,"16":3,"17":3,"18":3,"19":3,"20":4,"21":3,"22":5,"23":4,"24":4,"25":4,"26":3},"b":{"0":[1],"1":[1],"2":[3],"3":[5],"4":[1],"5":[0],"6":[3],"7":[0],"8":[0],"9":[3],"10":[0],"11":[0],"12":[0],"13":[0],"14":[0],"15":[4],"16":[0],"17":[0,0,0],"18":[0],"19":[0],"20":[0],"21":[0],"22":[0],"23":[0],"24":[0],"25":[0],"26":[0],"27":[0],"28":[1],"29":[1],"30":[0],"31":[0],"32":[0],"33":[0],"34":[1],"35":[1],"36":[0],"37":[0,2],"38":[2,2],"39":[0,2],"40":[2,2],"41":[1],"42":[2],"43":[1],"44":[2],"45":[1]}}
}
