TN:
SF:src\context.ts
FN:12,(anonymous_0)
FNF:1
FNH:1
FNDA:60,(anonymous_0)
DA:2,1
DA:12,1
DA:13,60
LF:3
LH:3
BRF:0
BRH:0
end_of_record
TN:
SF:src\lib\authorizer.ts
FN:8,(anonymous_7)
FN:10,(anonymous_8)
FN:38,(anonymous_10)
FN:76,(anonymous_12)
FN:98,(anonymous_14)
FN:111,(anonymous_15)
FN:136,(anonymous_17)
FN:184,(anonymous_18)
FN:209,(anonymous_20)
FN:241,(anonymous_21)
FN:241,(anonymous_22)
FN:243,(anonymous_23)
FN:256,(anonymous_24)
FN:281,(anonymous_26)
FN:302,(anonymous_27)
FN:305,(anonymous_28)
FN:311,(anonymous_29)
FN:330,(anonymous_31)
FN:344,(anonymous_33)
FN:368,(anonymous_35)
FN:396,(anonymous_37)
FN:416,(anonymous_39)
FN:432,(anonymous_41)
FN:456,(anonymous_43)
FN:476,(anonymous_45)
FN:500,(anonymous_47)
FN:524,(anonymous_49)
FNF:27
FNH:20
FNDA:60,(anonymous_7)
FNDA:4,(anonymous_8)
FNDA:7,(anonymous_10)
FNDA:3,(anonymous_12)
FNDA:8,(anonymous_14)
FNDA:3,(anonymous_15)
FNDA:8,(anonymous_17)
FNDA:4,(anonymous_18)
FNDA:11,(anonymous_20)
FNDA:0,(anonymous_21)
FNDA:0,(anonymous_22)
FNDA:0,(anonymous_23)
FNDA:0,(anonymous_24)
FNDA:0,(anonymous_26)
FNDA:0,(anonymous_27)
FNDA:0,(anonymous_28)
FNDA:3,(anonymous_29)
FNDA:3,(anonymous_31)
FNDA:3,(anonymous_33)
FNDA:3,(anonymous_35)
FNDA:4,(anonymous_37)
FNDA:3,(anonymous_39)
FNDA:5,(anonymous_41)
FNDA:4,(anonymous_43)
FNDA:4,(anonymous_45)
FNDA:4,(anonymous_47)
FNDA:3,(anonymous_49)
DA:2,1
DA:5,1
DA:8,60
DA:11,4
DA:12,1
DA:15,3
DA:31,2
DA:32,1
DA:35,1
DA:40,7
DA:43,7
DA:44,3
DA:47,7
DA:49,5
DA:67,4
DA:68,1
DA:73,5
DA:77,3
DA:93,3
DA:94,0
DA:97,3
DA:98,8
DA:101,3
DA:102,3
DA:105,0
DA:106,0
DA:108,0
DA:115,3
DA:131,3
DA:132,0
DA:135,3
DA:136,8
DA:139,3
DA:140,3
DA:143,0
DA:144,0
DA:147,0
DA:150,0
DA:151,0
DA:154,0
DA:156,0
DA:174,0
DA:175,0
DA:181,0
DA:188,4
DA:204,4
DA:205,0
DA:208,4
DA:209,11
DA:212,4
DA:213,4
DA:217,0
DA:222,0
DA:225,0
DA:226,0
DA:230,0
DA:232,0
DA:233,0
DA:236,0
DA:237,0
DA:240,0
DA:241,0
DA:243,0
DA:246,0
DA:247,0
DA:250,0
DA:251,0
DA:253,0
DA:260,0
DA:276,0
DA:277,0
DA:280,0
DA:281,0
DA:284,0
DA:285,0
DA:288,0
DA:289,0
DA:292,0
DA:294,0
DA:295,0
DA:298,0
DA:299,0
DA:302,0
DA:304,0
DA:305,0
DA:308,0
DA:312,3
DA:321,2
DA:322,1
DA:327,1
DA:332,3
DA:341,3
DA:345,3
DA:361,2
DA:362,1
DA:365,1
DA:369,3
DA:389,3
DA:390,0
DA:393,0
DA:397,4
DA:403,4
DA:404,0
DA:409,0
DA:410,0
DA:413,0
DA:417,3
DA:423,3
DA:424,0
DA:429,0
DA:433,5
DA:449,4
DA:450,1
DA:453,3
DA:457,4
DA:463,3
DA:464,1
DA:469,2
DA:470,0
DA:473,2
DA:477,4
DA:487,3
DA:488,1
DA:493,2
DA:494,2
DA:497,0
DA:501,4
DA:511,3
DA:512,1
DA:517,2
DA:518,2
DA:521,0
DA:525,3
DA:541,2
DA:542,1
DA:545,1
LF:136
LH:74
BRDA:11,0,0,1
BRDA:31,1,0,1
BRDA:43,2,0,3
BRDA:47,3,0,5
BRDA:67,4,0,1
BRDA:93,5,0,0
BRDA:101,6,0,3
BRDA:105,7,0,0
BRDA:131,8,0,0
BRDA:139,9,0,3
BRDA:143,10,0,0
BRDA:150,11,0,0
BRDA:154,12,0,0
BRDA:174,13,0,0
BRDA:204,14,0,0
BRDA:212,15,0,4
BRDA:217,16,0,0
BRDA:218,17,0,0
BRDA:218,17,1,0
BRDA:218,17,2,0
BRDA:225,18,0,0
BRDA:232,19,0,0
BRDA:236,20,0,0
BRDA:246,21,0,0
BRDA:250,22,0,0
BRDA:276,23,0,0
BRDA:284,24,0,0
BRDA:288,25,0,0
BRDA:294,26,0,0
BRDA:298,27,0,0
BRDA:321,28,0,1
BRDA:361,29,0,1
BRDA:389,30,0,0
BRDA:403,31,0,0
BRDA:409,32,0,0
BRDA:423,33,0,0
BRDA:449,34,0,1
BRDA:463,35,0,1
BRDA:469,36,0,0
BRDA:469,37,0,0
BRDA:469,37,1,2
BRDA:469,38,0,2
BRDA:469,38,1,2
BRDA:469,39,0,0
BRDA:469,39,1,2
BRDA:469,40,0,2
BRDA:469,40,1,2
BRDA:487,41,0,1
BRDA:493,42,0,2
BRDA:511,43,0,1
BRDA:517,44,0,2
BRDA:541,45,0,1
BRF:52
BRH:23
end_of_record
